<?xml version="1.0" encoding="UTF-8"?>
<testng-results skipped="0" failed="0" ignored="0" total="4" passed="4">
  <reporter-output>
  </reporter-output>
  <suite name="Suite" duration-ms="757253" started-at="2017-09-18T12:19:15Z" finished-at="2017-09-18T12:31:53Z">
    <groups>
    </groups>
    <test name="FFTest" duration-ms="675641" started-at="2017-09-18T12:19:15Z" finished-at="2017-09-18T12:30:31Z">
      <class name="com.cts.tests.LoginTest">
        <test-method status="PASS" signature="setUp(java.lang.String, java.lang.String)[pri:0, instance:com.cts.tests.LoginTest@192b07fd]" name="setUp" is-config="true" duration-ms="11985" started-at="2017-09-18T17:49:15Z" finished-at="2017-09-18T17:49:27Z">
          <params>
            <param index="0">
              <value>
                <![CDATA[firefox]]>
              </value>
            </param>
            <param index="1">
              <value>
                <![CDATA[http://demoqa.com/registration/]]>
              </value>
            </param>
          </params>
          <reporter-output>
          </reporter-output>
        </test-method> <!-- setUp -->
        <test-method status="PASS" signature="submitBlankForm()[pri:0, instance:com.cts.tests.LoginTest@192b07fd]" name="submitBlankForm" duration-ms="424" started-at="2017-09-18T17:49:27Z" finished-at="2017-09-18T17:49:28Z">
          <reporter-output>
          </reporter-output>
        </test-method> <!-- submitBlankForm -->
        <test-method status="PASS" signature="takeScreenShotOnFailure(org.testng.ITestResult)[pri:0, instance:com.cts.tests.LoginTest@192b07fd]" name="takeScreenShotOnFailure" is-config="true" duration-ms="132" started-at="2017-09-18T17:49:28Z" finished-at="2017-09-18T17:49:28Z">
          <params>
            <param index="0">
              <value>
                <![CDATA[[TestResult name=submitBlankForm status=SUCCESS method=LoginTest.submitBlankForm()[pri:0, instance:com.cts.tests.LoginTest@192b07fd] output={null}]]]>
              </value>
            </param>
          </params>
          <reporter-output>
          </reporter-output>
        </test-method> <!-- takeScreenShotOnFailure -->
        <test-method status="PASS" signature="userRegistration()[pri:0, instance:com.cts.tests.LoginTest@192b07fd]" name="userRegistration" duration-ms="1506" started-at="2017-09-18T17:49:28Z" finished-at="2017-09-18T17:49:29Z">
          <reporter-output>
          </reporter-output>
        </test-method> <!-- userRegistration -->
        <test-method status="PASS" signature="takeScreenShotOnFailure(org.testng.ITestResult)[pri:0, instance:com.cts.tests.LoginTest@192b07fd]" name="takeScreenShotOnFailure" is-config="true" duration-ms="127" started-at="2017-09-18T17:49:29Z" finished-at="2017-09-18T17:49:30Z">
          <params>
            <param index="0">
              <value>
                <![CDATA[[TestResult name=userRegistration status=SUCCESS method=LoginTest.userRegistration()[pri:0, instance:com.cts.tests.LoginTest@192b07fd] output={null}]]]>
              </value>
            </param>
          </params>
          <reporter-output>
          </reporter-output>
        </test-method> <!-- takeScreenShotOnFailure -->
        <test-method status="PASS" signature="afterTest()[pri:0, instance:com.cts.tests.LoginTest@192b07fd]" name="afterTest" is-config="true" duration-ms="661442" started-at="2017-09-18T17:49:30Z" finished-at="2017-09-18T18:00:31Z">
          <reporter-output>
          </reporter-output>
        </test-method> <!-- afterTest -->
      </class> <!-- com.cts.tests.LoginTest -->
    </test> <!-- FFTest -->
    <test name="ChromeTest" duration-ms="81449" started-at="2017-09-18T12:30:31Z" finished-at="2017-09-18T12:31:53Z">
      <class name="com.cts.tests.LoginTest">
        <test-method status="PASS" signature="setUp(java.lang.String, java.lang.String)[pri:0, instance:com.cts.tests.LoginTest@2ac273d3]" name="setUp" is-config="true" duration-ms="9058" started-at="2017-09-18T18:00:31Z" finished-at="2017-09-18T18:00:40Z">
          <params>
            <param index="0">
              <value>
                <![CDATA[chrome]]>
              </value>
            </param>
            <param index="1">
              <value>
                <![CDATA[http://demoqa.com/registration/]]>
              </value>
            </param>
          </params>
          <reporter-output>
          </reporter-output>
        </test-method> <!-- setUp -->
        <test-method status="PASS" signature="submitBlankForm()[pri:0, instance:com.cts.tests.LoginTest@2ac273d3]" name="submitBlankForm" duration-ms="117" started-at="2017-09-18T18:00:40Z" finished-at="2017-09-18T18:00:40Z">
          <reporter-output>
          </reporter-output>
        </test-method> <!-- submitBlankForm -->
        <test-method status="PASS" signature="takeScreenShotOnFailure(org.testng.ITestResult)[pri:0, instance:com.cts.tests.LoginTest@2ac273d3]" name="takeScreenShotOnFailure" is-config="true" duration-ms="292" started-at="2017-09-18T18:00:40Z" finished-at="2017-09-18T18:00:41Z">
          <params>
            <param index="0">
              <value>
                <![CDATA[[TestResult name=submitBlankForm status=SUCCESS method=LoginTest.submitBlankForm()[pri:0, instance:com.cts.tests.LoginTest@2ac273d3] output={null}]]]>
              </value>
            </param>
          </params>
          <reporter-output>
          </reporter-output>
        </test-method> <!-- takeScreenShotOnFailure -->
        <test-method status="PASS" signature="userRegistration()[pri:0, instance:com.cts.tests.LoginTest@2ac273d3]" name="userRegistration" duration-ms="434" started-at="2017-09-18T18:00:41Z" finished-at="2017-09-18T18:00:41Z">
          <reporter-output>
          </reporter-output>
        </test-method> <!-- userRegistration -->
        <test-method status="PASS" signature="takeScreenShotOnFailure(org.testng.ITestResult)[pri:0, instance:com.cts.tests.LoginTest@2ac273d3]" name="takeScreenShotOnFailure" is-config="true" duration-ms="294" started-at="2017-09-18T18:00:41Z" finished-at="2017-09-18T18:00:41Z">
          <params>
            <param index="0">
              <value>
                <![CDATA[[TestResult name=userRegistration status=SUCCESS method=LoginTest.userRegistration()[pri:0, instance:com.cts.tests.LoginTest@2ac273d3] output={null}]]]>
              </value>
            </param>
          </params>
          <reporter-output>
          </reporter-output>
        </test-method> <!-- takeScreenShotOnFailure -->
        <test-method status="FAIL" signature="afterTest()[pri:0, instance:com.cts.tests.LoginTest@2ac273d3]" name="afterTest" is-config="true" duration-ms="0" started-at="2017-09-18T18:00:41Z" finished-at="2017-09-18T18:00:41Z">
          <exception class="org.openqa.selenium.remote.UnreachableBrowserException">
            <message>
              <![CDATA[Error communicating with the remote browser. It may have died.
Build info: version: 'unknown', revision: 'unknown', time: 'unknown'
System info: host: 'CSN-CGZ-Q51-021', ip: '10.51.5.28', os.name: 'Windows 7', os.arch: 'amd64', os.version: '6.1', java.version: '1.8.0_111'
Driver info: driver.version: RemoteWebDriver
Capabilities [{applicationCacheEnabled=false, rotatable=false, mobileEmulationEnabled=false, networkConnectionEnabled=false, chrome={chromedriverVersion=2.29.461591 (62ebf098771772160f391d75e589dc567915b233), userDataDir=P:\Users\gurudath.v\AppData\Local\Temp\scoped_dir1292_28143}, takesHeapSnapshot=true, pageLoadStrategy=normal, unhandledPromptBehavior=, databaseEnabled=false, handlesAlerts=true, hasTouchScreen=false, version=60.0.3112.113, platform=XP, browserConnectionEnabled=false, nativeEvents=true, acceptSslCerts=true, locationContextEnabled=true, webStorageEnabled=true, browserName=chrome, takesScreenshot=true, javascriptEnabled=true, platformName=XP, cssSelectorsEnabled=true, unexpectedAlertBehaviour=}]
Session ID: 2d39beff6880485750b52cc6e5a34e7a]]>
            </message>
            <full-stacktrace>
              <![CDATA[org.openqa.selenium.remote.UnreachableBrowserException: Error communicating with the remote browser. It may have died.
Build info: version: 'unknown', revision: 'unknown', time: 'unknown'
System info: host: 'CSN-CGZ-Q51-021', ip: '10.51.5.28', os.name: 'Windows 7', os.arch: 'amd64', os.version: '6.1', java.version: '1.8.0_111'
Driver info: driver.version: RemoteWebDriver
Capabilities [{applicationCacheEnabled=false, rotatable=false, mobileEmulationEnabled=false, networkConnectionEnabled=false, chrome={chromedriverVersion=2.29.461591 (62ebf098771772160f391d75e589dc567915b233), userDataDir=P:\Users\gurudath.v\AppData\Local\Temp\scoped_dir1292_28143}, takesHeapSnapshot=true, pageLoadStrategy=normal, unhandledPromptBehavior=, databaseEnabled=false, handlesAlerts=true, hasTouchScreen=false, version=60.0.3112.113, platform=XP, browserConnectionEnabled=false, nativeEvents=true, acceptSslCerts=true, locationContextEnabled=true, webStorageEnabled=true, browserName=chrome, takesScreenshot=true, javascriptEnabled=true, platformName=XP, cssSelectorsEnabled=true, unexpectedAlertBehaviour=}]
Session ID: 2d39beff6880485750b52cc6e5a34e7a
	at org.openqa.selenium.remote.RemoteWebDriver.execute(RemoteWebDriver.java:667)
	at org.openqa.selenium.remote.RemoteWebDriver.execute(RemoteWebDriver.java:703)
	at org.openqa.selenium.remote.RemoteWebDriver.quit(RemoteWebDriver.java:542)
	at com.cts.driverfactory.DriverUtils.afterTest(DriverUtils.java:64)
	at sun.reflect.NativeMethodAccessorImpl.invoke0(Native Method)
	at sun.reflect.NativeMethodAccessorImpl.invoke(NativeMethodAccessorImpl.java:62)
	at sun.reflect.DelegatingMethodAccessorImpl.invoke(DelegatingMethodAccessorImpl.java:43)
	at java.lang.reflect.Method.invoke(Method.java:498)
	at org.testng.internal.MethodInvocationHelper.invokeMethod(MethodInvocationHelper.java:104)
	at org.testng.internal.Invoker.invokeConfigurationMethod(Invoker.java:515)
	at org.testng.internal.Invoker.invokeConfigurations(Invoker.java:217)
	at org.testng.internal.Invoker.invokeConfigurations(Invoker.java:144)
	at org.testng.TestRunner.afterRun(TestRunner.java:983)
	at org.testng.TestRunner.run(TestRunner.java:614)
	at org.testng.SuiteRunner.runTest(SuiteRunner.java:387)
	at org.testng.SuiteRunner.runSequentially(SuiteRunner.java:382)
	at org.testng.SuiteRunner.privateRun(SuiteRunner.java:340)
	at org.testng.SuiteRunner.run(SuiteRunner.java:289)
	at org.testng.SuiteRunnerWorker.runSuite(SuiteRunnerWorker.java:52)
	at org.testng.SuiteRunnerWorker.run(SuiteRunnerWorker.java:86)
	at org.testng.TestNG.runSuitesSequentially(TestNG.java:1293)
	at org.testng.TestNG.runSuitesLocally(TestNG.java:1218)
	at org.testng.TestNG.runSuites(TestNG.java:1133)
	at org.testng.TestNG.run(TestNG.java:1104)
	at org.testng.remote.AbstractRemoteTestNG.run(AbstractRemoteTestNG.java:132)
	at org.testng.remote.RemoteTestNG.initAndRun(RemoteTestNG.java:236)
	at org.testng.remote.RemoteTestNG.main(RemoteTestNG.java:81)
Caused by: java.lang.RuntimeException: Process refused to die after 10 seconds, and couldn't taskkill it: Timeout waiting for process to die
	at org.openqa.selenium.os.ProcessUtils.killWinProcess(ProcessUtils.java:133)
	at org.openqa.selenium.os.ProcessUtils.killProcess(ProcessUtils.java:81)
	at org.openqa.selenium.os.UnixProcess$SeleniumWatchDog.destroyHarder(UnixProcess.java:265)
	at org.openqa.selenium.os.UnixProcess$SeleniumWatchDog.access$200(UnixProcess.java:219)
	at org.openqa.selenium.os.UnixProcess.destroy(UnixProcess.java:127)
	at org.openqa.selenium.os.CommandLine.destroy(CommandLine.java:153)
	at org.openqa.selenium.remote.service.DriverService.stop(DriverService.java:220)
	at org.openqa.selenium.remote.service.DriverCommandExecutor.execute(DriverCommandExecutor.java:94)
	at org.openqa.selenium.remote.RemoteWebDriver.execute(RemoteWebDriver.java:646)
	... 26 more
Caused by: org.openqa.selenium.os.ProcessUtils$ProcessStillAliveException: Timeout waiting for process to die
	at org.openqa.selenium.os.ProcessUtils.waitForProcessDeath(ProcessUtils.java:67)
	at org.openqa.selenium.os.ProcessUtils.killWinProcess(ProcessUtils.java:129)
	... 34 more
Caused by: java.lang.InterruptedException
	at java.lang.ProcessImpl.waitFor(ProcessImpl.java:451)
	at org.openqa.selenium.os.ProcessUtils$ProcessWaiter.run(ProcessUtils.java:154)
	at java.lang.Thread.run(Thread.java:745)
]]>
            </full-stacktrace>
          </exception> <!-- org.openqa.selenium.remote.UnreachableBrowserException -->
          <reporter-output>
          </reporter-output>
        </test-method> <!-- afterTest -->
        <test-method status="SKIP" signature="tearDown()[pri:0, instance:com.cts.tests.LoginTest@2ac273d3]" name="tearDown" is-config="true" duration-ms="0" started-at="2017-09-18T18:01:53Z" finished-at="2017-09-18T18:01:53Z">
          <reporter-output>
          </reporter-output>
        </test-method> <!-- tearDown -->
      </class> <!-- com.cts.tests.LoginTest -->
    </test> <!-- ChromeTest -->
  </suite> <!-- Suite -->
</testng-results>
